  Main.cpp
C:\dev\CMsFramework\Framework\Sources\Core\Camera.hpp(22,25): warning C4305: 'initializing': truncation from 'double' to 'float'
  (compiling source file 'Sources/Main.cpp')
  
C:\dev\CMsFramework\Framework\Sources\Core\Camera.hpp(27,32): warning C4305: 'initializing': truncation from 'double' to 'float'
  (compiling source file 'Sources/Main.cpp')
  
C:\dev\CMsFramework\Framework\Sources\Core\Camera.hpp(37,49): warning C4305: 'argument': truncation from 'double' to 'T'
C:\dev\CMsFramework\Framework\Sources\Core\Camera.hpp(37,49): warning C4305:         with
C:\dev\CMsFramework\Framework\Sources\Core\Camera.hpp(37,49): warning C4305:         [
C:\dev\CMsFramework\Framework\Sources\Core\Camera.hpp(37,49): warning C4305:             T=float
C:\dev\CMsFramework\Framework\Sources\Core\Camera.hpp(37,49): warning C4305:         ]
  (compiling source file 'Sources/Main.cpp')
  
C:\dev\CMsFramework\Framework\Sources\Core\Camera.hpp(37,39): warning C4305: 'argument': truncation from 'double' to 'T'
C:\dev\CMsFramework\Framework\Sources\Core\Camera.hpp(37,39): warning C4305:         with
C:\dev\CMsFramework\Framework\Sources\Core\Camera.hpp(37,39): warning C4305:         [
C:\dev\CMsFramework\Framework\Sources\Core\Camera.hpp(37,39): warning C4305:             T=float
C:\dev\CMsFramework\Framework\Sources\Core\Camera.hpp(37,39): warning C4305:         ]
  (compiling source file 'Sources/Main.cpp')
  
C:\dev\CMsFramework\Framework\Sources\Core\Camera.hpp(37,30): warning C4305: 'argument': truncation from 'double' to 'T'
C:\dev\CMsFramework\Framework\Sources\Core\Camera.hpp(37,30): warning C4305:         with
C:\dev\CMsFramework\Framework\Sources\Core\Camera.hpp(37,30): warning C4305:         [
C:\dev\CMsFramework\Framework\Sources\Core\Camera.hpp(37,30): warning C4305:             T=float
C:\dev\CMsFramework\Framework\Sources\Core\Camera.hpp(37,30): warning C4305:         ]
  (compiling source file 'Sources/Main.cpp')
  
C:\dev\CMsFramework\Framework\Sources\Deprecated\Globe.hpp(15,31): warning C4244: 'initializing': conversion from 'double' to 'float', possible loss of data
  (compiling source file 'Sources/Main.cpp')
  
C:\dev\CMsFramework\Framework\Sources\Deprecated\Globe.hpp(25,13): warning C4244: 'initializing': conversion from 'double' to 'float', possible loss of data
  (compiling source file 'Sources/Main.cpp')
  
C:\dev\CMsFramework\Framework\Sources\Deprecated\Globe.hpp(38,30): warning C4244: 'initializing': conversion from 'double' to 'float', possible loss of data
  (compiling source file 'Sources/Main.cpp')
  
C:\dev\CMsFramework\Framework\Sources\Deprecated\Globe.hpp(41,13): warning C4244: 'initializing': conversion from 'double' to 'float', possible loss of data
  (compiling source file 'Sources/Main.cpp')
  
C:\dev\CMsFramework\Framework\Sources\Deprecated\Globe.hpp(107,13): warning C4244: 'initializing': conversion from 'double' to 'float', possible loss of data
  (compiling source file 'Sources/Main.cpp')
  
C:\dev\CMsFramework\Framework\Sources\Deprecated\Globe.hpp(110,13): warning C4244: 'initializing': conversion from 'double' to 'float', possible loss of data
  (compiling source file 'Sources/Main.cpp')
  
C:\dev\CMsFramework\Framework\Sources\Deprecated\Globe.hpp(111,13): warning C4244: 'initializing': conversion from 'double' to 'float', possible loss of data
  (compiling source file 'Sources/Main.cpp')
  
C:\dev\CMsFramework\Framework\Sources\Deprecated\Globe.hpp(128,12): warning C4244: 'initializing': conversion from 'double' to 'float', possible loss of data
  (compiling source file 'Sources/Main.cpp')
  
C:\dev\CMsFramework\Framework\Sources\Deprecated\Globe.hpp(131,12): warning C4244: 'initializing': conversion from 'double' to 'float', possible loss of data
  (compiling source file 'Sources/Main.cpp')
  
C:\dev\CMsFramework\Framework\Sources\Deprecated\Globe.hpp(132,12): warning C4244: 'initializing': conversion from 'double' to 'float', possible loss of data
  (compiling source file 'Sources/Main.cpp')
  
C:\dev\CMsFramework\Framework\Sources\Stability\SweepTriangulation.hpp(80,14): warning C4267: 'initializing': conversion from 'size_t' to 'int', possible loss of data
  (compiling source file 'Sources/Main.cpp')
  
C:\dev\CMsFramework\Framework\Sources\Stability\SweepTriangulation.hpp(222,54): warning C4244: '=': conversion from 'T' to 'int', possible loss of data
C:\dev\CMsFramework\Framework\Sources\Stability\SweepTriangulation.hpp(222,54): warning C4244:         with
C:\dev\CMsFramework\Framework\Sources\Stability\SweepTriangulation.hpp(222,54): warning C4244:         [
C:\dev\CMsFramework\Framework\Sources\Stability\SweepTriangulation.hpp(222,54): warning C4244:             T=float
C:\dev\CMsFramework\Framework\Sources\Stability\SweepTriangulation.hpp(222,54): warning C4244:         ]
  (compiling source file 'Sources/Main.cpp')
  
C:\dev\CMsFramework\Framework\Sources\Stability\SweepTriangulation.hpp(433,14): warning C4267: 'initializing': conversion from 'size_t' to 'int', possible loss of data
  (compiling source file 'Sources/Main.cpp')
  
C:\dev\CMsFramework\Framework\Sources\Stability\SweepTriangulation.hpp(478,15): warning C4267: 'initializing': conversion from 'size_t' to 'int', possible loss of data
  (compiling source file 'Sources/Main.cpp')
  
C:\dev\CMsFramework\Framework\Sources\BasicsRendering\Lines3D.hpp(150,40): warning C4267: 'argument': conversion from 'size_t' to 'GLsizei', possible loss of data
  (compiling source file 'Sources/Main.cpp')
  
C:\dev\CMsFramework\Framework\Sources\BasicsRendering\Polygons.hpp(97,14): warning C4244: '=': conversion from 'double' to 'float', possible loss of data
  (compiling source file 'Sources/Main.cpp')
  
C:\dev\CMsFramework\Framework\Sources\BasicsRendering\Polygons.hpp(127,20): warning C4244: '*=': conversion from 'double' to 'T', possible loss of data
C:\dev\CMsFramework\Framework\Sources\BasicsRendering\Polygons.hpp(127,20): warning C4244:         with
C:\dev\CMsFramework\Framework\Sources\BasicsRendering\Polygons.hpp(127,20): warning C4244:         [
C:\dev\CMsFramework\Framework\Sources\BasicsRendering\Polygons.hpp(127,20): warning C4244:             T=float
C:\dev\CMsFramework\Framework\Sources\BasicsRendering\Polygons.hpp(127,20): warning C4244:         ]
  (compiling source file 'Sources/Main.cpp')
  
C:\dev\CMsFramework\Framework\Sources\BasicsRendering\Polygons.hpp(128,20): warning C4244: '*=': conversion from 'double' to 'T', possible loss of data
C:\dev\CMsFramework\Framework\Sources\BasicsRendering\Polygons.hpp(128,20): warning C4244:         with
C:\dev\CMsFramework\Framework\Sources\BasicsRendering\Polygons.hpp(128,20): warning C4244:         [
C:\dev\CMsFramework\Framework\Sources\BasicsRendering\Polygons.hpp(128,20): warning C4244:             T=float
C:\dev\CMsFramework\Framework\Sources\BasicsRendering\Polygons.hpp(128,20): warning C4244:         ]
  (compiling source file 'Sources/Main.cpp')
  
C:\dev\CMsFramework\Framework\Sources\BasicsRendering\Polygons.hpp(129,20): warning C4244: '*=': conversion from 'double' to 'T', possible loss of data
C:\dev\CMsFramework\Framework\Sources\BasicsRendering\Polygons.hpp(129,20): warning C4244:         with
C:\dev\CMsFramework\Framework\Sources\BasicsRendering\Polygons.hpp(129,20): warning C4244:         [
C:\dev\CMsFramework\Framework\Sources\BasicsRendering\Polygons.hpp(129,20): warning C4244:             T=float
C:\dev\CMsFramework\Framework\Sources\BasicsRendering\Polygons.hpp(129,20): warning C4244:         ]
  (compiling source file 'Sources/Main.cpp')
  
C:\dev\CMsFramework\Framework\Sources\BasicsRendering\Polygons2d.hpp(133,44): warning C4267: 'argument': conversion from 'size_t' to 'GLsizei', possible loss of data
  (compiling source file 'Sources/Main.cpp')
  
C:\dev\CMsFramework\Framework\Sources\BasicsRendering\Polyhedra.hpp(102,18): warning C4244: 'initializing': conversion from 'unsigned __int64' to 'float', possible loss of data
  (compiling source file 'Sources/Main.cpp')
  
C:\dev\CMsFramework\Framework\Sources\BasicsRendering\Polyhedra.hpp(105,34): warning C4244: 'argument': conversion from 'float' to 'GLsizeiptr', possible loss of data
  (compiling source file 'Sources/Main.cpp')
  
C:\dev\CMsFramework\Framework\Sources\BasicsRendering\Polyhedra.hpp(108,50): warning C4244: 'argument': conversion from 'float' to 'GLsizeiptr', possible loss of data
  (compiling source file 'Sources/Main.cpp')
  
C:\dev\CMsFramework\Framework\Sources\BasicsRendering\Polyhedra.hpp(111,34): warning C4244: 'argument': conversion from 'float' to 'GLsizeiptr', possible loss of data
  (compiling source file 'Sources/Main.cpp')
  
C:\dev\CMsFramework\Framework\Sources\BasicsRendering\Polyhedra.hpp(116,44): warning C4267: 'argument': conversion from 'size_t' to 'GLsizei', possible loss of data
  (compiling source file 'Sources/Main.cpp')
  
C:\dev\CMsFramework\Framework\Sources\BasicsRendering\Polyhedra.hpp(142,44): warning C4267: 'argument': conversion from 'size_t' to 'GLsizei', possible loss of data
  (compiling source file 'Sources/Main.cpp')
  
C:\dev\CMsFramework\Framework\Sources\BasicsRendering\Lines2D.hpp(95,40): warning C4267: 'argument': conversion from 'size_t' to 'GLsizei', possible loss of data
  (compiling source file 'Sources/Main.cpp')
  
C:\dev\CMsFramework\Framework\Sources\BasicsRendering\Circles.hpp(32,25): warning C4244: '=': conversion from 'double' to 'float', possible loss of data
  (compiling source file 'Sources/Main.cpp')
  
C:\dev\CMsFramework\Framework\Sources\BasicsRendering\Circles.hpp(110,15): warning C4305: '+=': truncation from 'double' to 'float'
  (compiling source file 'Sources/Main.cpp')
  
C:\dev\CMsFramework\Framework\Sources\BasicsRendering\Circles.hpp(117,40): warning C4244: '=': conversion from 'double' to 'int', possible loss of data
  (compiling source file 'Sources/Main.cpp')
  
C:\dev\CMsFramework\Framework\Sources\BasicsRendering\Text.hpp(217,44): warning C4267: 'argument': conversion from 'size_t' to 'GLsizei', possible loss of data
  (compiling source file 'Sources/Main.cpp')
  
C:\dev\CMsFramework\Framework\Sources\Composites\Autopilot\Pathfinding.hpp(189,21): warning C4267: '=': conversion from 'size_t' to 'unsigned int', possible loss of data
  (compiling source file 'Sources/Main.cpp')
  
C:\dev\CMsFramework\Framework\Sources\BasicsRendering\Lines2D_Instanced.hpp(102,87): warning C4267: 'argument': conversion from 'size_t' to 'GLsizei', possible loss of data
  (compiling source file 'Sources/Main.cpp')
  
C:\dev\CMsFramework\Framework\Sources\BasicsRendering\Lines2D_Instanced.hpp(102,49): warning C4267: 'argument': conversion from 'size_t' to 'GLsizei', possible loss of data
  (compiling source file 'Sources/Main.cpp')
  
C:\dev\CMsFramework\Framework\Sources\Composites\Autopilot\Icons.hpp(83,36): warning C4305: 'argument': truncation from 'double' to 'T'
C:\dev\CMsFramework\Framework\Sources\Composites\Autopilot\Icons.hpp(83,36): warning C4305:         with
C:\dev\CMsFramework\Framework\Sources\Composites\Autopilot\Icons.hpp(83,36): warning C4305:         [
C:\dev\CMsFramework\Framework\Sources\Composites\Autopilot\Icons.hpp(83,36): warning C4305:             T=float
C:\dev\CMsFramework\Framework\Sources\Composites\Autopilot\Icons.hpp(83,36): warning C4305:         ]
  (compiling source file 'Sources/Main.cpp')
  
C:\dev\CMsFramework\Framework\Sources\Composites\Autopilot\Icons.hpp(83,50): warning C4305: 'argument': truncation from 'double' to 'T'
C:\dev\CMsFramework\Framework\Sources\Composites\Autopilot\Icons.hpp(83,50): warning C4305:         with
C:\dev\CMsFramework\Framework\Sources\Composites\Autopilot\Icons.hpp(83,50): warning C4305:         [
C:\dev\CMsFramework\Framework\Sources\Composites\Autopilot\Icons.hpp(83,50): warning C4305:             T=float
C:\dev\CMsFramework\Framework\Sources\Composites\Autopilot\Icons.hpp(83,50): warning C4305:         ]
  (compiling source file 'Sources/Main.cpp')
  
C:\dev\CMsFramework\Framework\Sources\Composites\Autopilot\Icons.hpp(83,45): warning C4305: 'argument': truncation from 'double' to 'T'
C:\dev\CMsFramework\Framework\Sources\Composites\Autopilot\Icons.hpp(83,45): warning C4305:         with
C:\dev\CMsFramework\Framework\Sources\Composites\Autopilot\Icons.hpp(83,45): warning C4305:         [
C:\dev\CMsFramework\Framework\Sources\Composites\Autopilot\Icons.hpp(83,45): warning C4305:             T=float
C:\dev\CMsFramework\Framework\Sources\Composites\Autopilot\Icons.hpp(83,45): warning C4305:         ]
  (compiling source file 'Sources/Main.cpp')
  
C:\dev\CMsFramework\Framework\Sources\Composites\Autopilot\Icons.hpp(83,65): warning C4305: 'argument': truncation from 'double' to 'T'
C:\dev\CMsFramework\Framework\Sources\Composites\Autopilot\Icons.hpp(83,65): warning C4305:         with
C:\dev\CMsFramework\Framework\Sources\Composites\Autopilot\Icons.hpp(83,65): warning C4305:         [
C:\dev\CMsFramework\Framework\Sources\Composites\Autopilot\Icons.hpp(83,65): warning C4305:             T=float
C:\dev\CMsFramework\Framework\Sources\Composites\Autopilot\Icons.hpp(83,65): warning C4305:         ]
  (compiling source file 'Sources/Main.cpp')
  
C:\dev\CMsFramework\Framework\Sources\Composites\Autopilot\Icons.hpp(83,59): warning C4305: 'argument': truncation from 'double' to 'T'
C:\dev\CMsFramework\Framework\Sources\Composites\Autopilot\Icons.hpp(83,59): warning C4305:         with
C:\dev\CMsFramework\Framework\Sources\Composites\Autopilot\Icons.hpp(83,59): warning C4305:         [
C:\dev\CMsFramework\Framework\Sources\Composites\Autopilot\Icons.hpp(83,59): warning C4305:             T=float
C:\dev\CMsFramework\Framework\Sources\Composites\Autopilot\Icons.hpp(83,59): warning C4305:         ]
  (compiling source file 'Sources/Main.cpp')
  
C:\dev\CMsFramework\Framework\Sources\Composites\Autopilot\Icons.hpp(83,80): warning C4305: 'argument': truncation from 'double' to 'T'
C:\dev\CMsFramework\Framework\Sources\Composites\Autopilot\Icons.hpp(83,80): warning C4305:         with
C:\dev\CMsFramework\Framework\Sources\Composites\Autopilot\Icons.hpp(83,80): warning C4305:         [
C:\dev\CMsFramework\Framework\Sources\Composites\Autopilot\Icons.hpp(83,80): warning C4305:             T=float
C:\dev\CMsFramework\Framework\Sources\Composites\Autopilot\Icons.hpp(83,80): warning C4305:         ]
  (compiling source file 'Sources/Main.cpp')
  
C:\dev\CMsFramework\Framework\Sources\Composites\Autopilot\Icons.hpp(83,74): warning C4305: 'argument': truncation from 'double' to 'T'
C:\dev\CMsFramework\Framework\Sources\Composites\Autopilot\Icons.hpp(83,74): warning C4305:         with
C:\dev\CMsFramework\Framework\Sources\Composites\Autopilot\Icons.hpp(83,74): warning C4305:         [
C:\dev\CMsFramework\Framework\Sources\Composites\Autopilot\Icons.hpp(83,74): warning C4305:             T=float
C:\dev\CMsFramework\Framework\Sources\Composites\Autopilot\Icons.hpp(83,74): warning C4305:         ]
  (compiling source file 'Sources/Main.cpp')
  
C:\dev\CMsFramework\Framework\Sources\Composites\Autopilot\Icons.hpp(84,13): warning C4305: 'argument': truncation from 'double' to 'T'
C:\dev\CMsFramework\Framework\Sources\Composites\Autopilot\Icons.hpp(84,13): warning C4305:         with
C:\dev\CMsFramework\Framework\Sources\Composites\Autopilot\Icons.hpp(84,13): warning C4305:         [
C:\dev\CMsFramework\Framework\Sources\Composites\Autopilot\Icons.hpp(84,13): warning C4305:             T=float
C:\dev\CMsFramework\Framework\Sources\Composites\Autopilot\Icons.hpp(84,13): warning C4305:         ]
  (compiling source file 'Sources/Main.cpp')
  
C:\dev\CMsFramework\Framework\Sources\Composites\Autopilot\Icons.hpp(84,7): warning C4305: 'argument': truncation from 'double' to 'T'
C:\dev\CMsFramework\Framework\Sources\Composites\Autopilot\Icons.hpp(84,7): warning C4305:         with
C:\dev\CMsFramework\Framework\Sources\Composites\Autopilot\Icons.hpp(84,7): warning C4305:         [
C:\dev\CMsFramework\Framework\Sources\Composites\Autopilot\Icons.hpp(84,7): warning C4305:             T=float
C:\dev\CMsFramework\Framework\Sources\Composites\Autopilot\Icons.hpp(84,7): warning C4305:         ]
  (compiling source file 'Sources/Main.cpp')
  
C:\dev\CMsFramework\Framework\Sources\Composites\Autopilot\Icons.hpp(84,28): warning C4305: 'argument': truncation from 'double' to 'T'
C:\dev\CMsFramework\Framework\Sources\Composites\Autopilot\Icons.hpp(84,28): warning C4305:         with
C:\dev\CMsFramework\Framework\Sources\Composites\Autopilot\Icons.hpp(84,28): warning C4305:         [
C:\dev\CMsFramework\Framework\Sources\Composites\Autopilot\Icons.hpp(84,28): warning C4305:             T=float
C:\dev\CMsFramework\Framework\Sources\Composites\Autopilot\Icons.hpp(84,28): warning C4305:         ]
  (compiling source file 'Sources/Main.cpp')
  
C:\dev\CMsFramework\Framework\Sources\Composites\Autopilot\Icons.hpp(84,22): warning C4305: 'argument': truncation from 'double' to 'T'
C:\dev\CMsFramework\Framework\Sources\Composites\Autopilot\Icons.hpp(84,22): warning C4305:         with
C:\dev\CMsFramework\Framework\Sources\Composites\Autopilot\Icons.hpp(84,22): warning C4305:         [
C:\dev\CMsFramework\Framework\Sources\Composites\Autopilot\Icons.hpp(84,22): warning C4305:             T=float
C:\dev\CMsFramework\Framework\Sources\Composites\Autopilot\Icons.hpp(84,22): warning C4305:         ]
  (compiling source file 'Sources/Main.cpp')
  
C:\dev\CMsFramework\Framework\Sources\Composites\Autopilot\Icons.hpp(84,41): warning C4305: 'argument': truncation from 'double' to 'T'
C:\dev\CMsFramework\Framework\Sources\Composites\Autopilot\Icons.hpp(84,41): warning C4305:         with
C:\dev\CMsFramework\Framework\Sources\Composites\Autopilot\Icons.hpp(84,41): warning C4305:         [
C:\dev\CMsFramework\Framework\Sources\Composites\Autopilot\Icons.hpp(84,41): warning C4305:             T=float
C:\dev\CMsFramework\Framework\Sources\Composites\Autopilot\Icons.hpp(84,41): warning C4305:         ]
  (compiling source file 'Sources/Main.cpp')
  
C:\dev\CMsFramework\Framework\Sources\Composites\Autopilot\Icons.hpp(84,36): warning C4305: 'argument': truncation from 'double' to 'T'
C:\dev\CMsFramework\Framework\Sources\Composites\Autopilot\Icons.hpp(84,36): warning C4305:         with
C:\dev\CMsFramework\Framework\Sources\Composites\Autopilot\Icons.hpp(84,36): warning C4305:         [
C:\dev\CMsFramework\Framework\Sources\Composites\Autopilot\Icons.hpp(84,36): warning C4305:             T=float
C:\dev\CMsFramework\Framework\Sources\Composites\Autopilot\Icons.hpp(84,36): warning C4305:         ]
  (compiling source file 'Sources/Main.cpp')
  
C:\dev\CMsFramework\Framework\Sources\Composites\Autopilot\Icons.hpp(84,51): warning C4305: 'argument': truncation from 'double' to 'T'
C:\dev\CMsFramework\Framework\Sources\Composites\Autopilot\Icons.hpp(84,51): warning C4305:         with
C:\dev\CMsFramework\Framework\Sources\Composites\Autopilot\Icons.hpp(84,51): warning C4305:         [
C:\dev\CMsFramework\Framework\Sources\Composites\Autopilot\Icons.hpp(84,51): warning C4305:             T=float
C:\dev\CMsFramework\Framework\Sources\Composites\Autopilot\Icons.hpp(84,51): warning C4305:         ]
  (compiling source file 'Sources/Main.cpp')
  
C:\dev\CMsFramework\Framework\Sources\Composites\Autopilot\ShipMRS.hpp(54,34): warning C4305: 'argument': truncation from 'double' to 'T'
C:\dev\CMsFramework\Framework\Sources\Composites\Autopilot\ShipMRS.hpp(54,34): warning C4305:         with
C:\dev\CMsFramework\Framework\Sources\Composites\Autopilot\ShipMRS.hpp(54,34): warning C4305:         [
C:\dev\CMsFramework\Framework\Sources\Composites\Autopilot\ShipMRS.hpp(54,34): warning C4305:             T=float
C:\dev\CMsFramework\Framework\Sources\Composites\Autopilot\ShipMRS.hpp(54,34): warning C4305:         ]
  (compiling source file 'Sources/Main.cpp')
  
C:\dev\CMsFramework\Framework\Sources\Composites\Autopilot\ShipMRS.hpp(54,25): warning C4305: 'argument': truncation from 'double' to 'T'
C:\dev\CMsFramework\Framework\Sources\Composites\Autopilot\ShipMRS.hpp(54,25): warning C4305:         with
C:\dev\CMsFramework\Framework\Sources\Composites\Autopilot\ShipMRS.hpp(54,25): warning C4305:         [
C:\dev\CMsFramework\Framework\Sources\Composites\Autopilot\ShipMRS.hpp(54,25): warning C4305:             T=float
C:\dev\CMsFramework\Framework\Sources\Composites\Autopilot\ShipMRS.hpp(54,25): warning C4305:         ]
  (compiling source file 'Sources/Main.cpp')
  
C:\dev\CMsFramework\Framework\Sources\Composites\Autopilot\ShipMRS.hpp(55,26): warning C4305: 'argument': truncation from 'double' to 'T'
C:\dev\CMsFramework\Framework\Sources\Composites\Autopilot\ShipMRS.hpp(55,26): warning C4305:         with
C:\dev\CMsFramework\Framework\Sources\Composites\Autopilot\ShipMRS.hpp(55,26): warning C4305:         [
C:\dev\CMsFramework\Framework\Sources\Composites\Autopilot\ShipMRS.hpp(55,26): warning C4305:             T=float
C:\dev\CMsFramework\Framework\Sources\Composites\Autopilot\ShipMRS.hpp(55,26): warning C4305:         ]
  (compiling source file 'Sources/Main.cpp')
  
C:\dev\CMsFramework\Framework\Sources\Composites\Autopilot\ShipMRS.hpp(71,34): warning C4305: 'argument': truncation from 'double' to 'T'
C:\dev\CMsFramework\Framework\Sources\Composites\Autopilot\ShipMRS.hpp(71,34): warning C4305:         with
C:\dev\CMsFramework\Framework\Sources\Composites\Autopilot\ShipMRS.hpp(71,34): warning C4305:         [
C:\dev\CMsFramework\Framework\Sources\Composites\Autopilot\ShipMRS.hpp(71,34): warning C4305:             T=float
C:\dev\CMsFramework\Framework\Sources\Composites\Autopilot\ShipMRS.hpp(71,34): warning C4305:         ]
  (compiling source file 'Sources/Main.cpp')
  
C:\dev\CMsFramework\Framework\Sources\Composites\Autopilot\ShipMRS.hpp(71,25): warning C4305: 'argument': truncation from 'double' to 'T'
C:\dev\CMsFramework\Framework\Sources\Composites\Autopilot\ShipMRS.hpp(71,25): warning C4305:         with
C:\dev\CMsFramework\Framework\Sources\Composites\Autopilot\ShipMRS.hpp(71,25): warning C4305:         [
C:\dev\CMsFramework\Framework\Sources\Composites\Autopilot\ShipMRS.hpp(71,25): warning C4305:             T=float
C:\dev\CMsFramework\Framework\Sources\Composites\Autopilot\ShipMRS.hpp(71,25): warning C4305:         ]
  (compiling source file 'Sources/Main.cpp')
  
C:\dev\CMsFramework\Framework\Sources\Composites\Autopilot\ShipMRS.hpp(71,54): warning C4305: 'argument': truncation from 'double' to 'T'
C:\dev\CMsFramework\Framework\Sources\Composites\Autopilot\ShipMRS.hpp(71,54): warning C4305:         with
C:\dev\CMsFramework\Framework\Sources\Composites\Autopilot\ShipMRS.hpp(71,54): warning C4305:         [
C:\dev\CMsFramework\Framework\Sources\Composites\Autopilot\ShipMRS.hpp(71,54): warning C4305:             T=float
C:\dev\CMsFramework\Framework\Sources\Composites\Autopilot\ShipMRS.hpp(71,54): warning C4305:         ]
  (compiling source file 'Sources/Main.cpp')
  
C:\dev\CMsFramework\Framework\Sources\Composites\Autopilot\ShipMRS.hpp(71,45): warning C4305: 'argument': truncation from 'double' to 'T'
C:\dev\CMsFramework\Framework\Sources\Composites\Autopilot\ShipMRS.hpp(71,45): warning C4305:         with
C:\dev\CMsFramework\Framework\Sources\Composites\Autopilot\ShipMRS.hpp(71,45): warning C4305:         [
C:\dev\CMsFramework\Framework\Sources\Composites\Autopilot\ShipMRS.hpp(71,45): warning C4305:             T=float
C:\dev\CMsFramework\Framework\Sources\Composites\Autopilot\ShipMRS.hpp(71,45): warning C4305:         ]
  (compiling source file 'Sources/Main.cpp')
  
C:\dev\CMsFramework\Framework\Sources\Composites\Autopilot\ShipMRS.hpp(71,71): warning C4305: 'argument': truncation from 'double' to 'T'
C:\dev\CMsFramework\Framework\Sources\Composites\Autopilot\ShipMRS.hpp(71,71): warning C4305:         with
C:\dev\CMsFramework\Framework\Sources\Composites\Autopilot\ShipMRS.hpp(71,71): warning C4305:         [
C:\dev\CMsFramework\Framework\Sources\Composites\Autopilot\ShipMRS.hpp(71,71): warning C4305:             T=float
C:\dev\CMsFramework\Framework\Sources\Composites\Autopilot\ShipMRS.hpp(71,71): warning C4305:         ]
  (compiling source file 'Sources/Main.cpp')
  
C:\dev\CMsFramework\Framework\Sources\Composites\Autopilot\ShipMRS.hpp(71,65): warning C4305: 'argument': truncation from 'double' to 'T'
C:\dev\CMsFramework\Framework\Sources\Composites\Autopilot\ShipMRS.hpp(71,65): warning C4305:         with
C:\dev\CMsFramework\Framework\Sources\Composites\Autopilot\ShipMRS.hpp(71,65): warning C4305:         [
C:\dev\CMsFramework\Framework\Sources\Composites\Autopilot\ShipMRS.hpp(71,65): warning C4305:             T=float
C:\dev\CMsFramework\Framework\Sources\Composites\Autopilot\ShipMRS.hpp(71,65): warning C4305:         ]
  (compiling source file 'Sources/Main.cpp')
  
C:\dev\CMsFramework\Framework\Sources\Composites\Autopilot\ShipMRS.hpp(71,91): warning C4305: 'argument': truncation from 'double' to 'T'
C:\dev\CMsFramework\Framework\Sources\Composites\Autopilot\ShipMRS.hpp(71,91): warning C4305:         with
C:\dev\CMsFramework\Framework\Sources\Composites\Autopilot\ShipMRS.hpp(71,91): warning C4305:         [
C:\dev\CMsFramework\Framework\Sources\Composites\Autopilot\ShipMRS.hpp(71,91): warning C4305:             T=float
C:\dev\CMsFramework\Framework\Sources\Composites\Autopilot\ShipMRS.hpp(71,91): warning C4305:         ]
  (compiling source file 'Sources/Main.cpp')
  
C:\dev\CMsFramework\Framework\Sources\Composites\Autopilot\ShipMRS.hpp(71,81): warning C4305: 'argument': truncation from 'double' to 'T'
C:\dev\CMsFramework\Framework\Sources\Composites\Autopilot\ShipMRS.hpp(71,81): warning C4305:         with
C:\dev\CMsFramework\Framework\Sources\Composites\Autopilot\ShipMRS.hpp(71,81): warning C4305:         [
C:\dev\CMsFramework\Framework\Sources\Composites\Autopilot\ShipMRS.hpp(71,81): warning C4305:             T=float
C:\dev\CMsFramework\Framework\Sources\Composites\Autopilot\ShipMRS.hpp(71,81): warning C4305:         ]
  (compiling source file 'Sources/Main.cpp')
  
C:\dev\CMsFramework\Framework\Sources\Composites\Autopilot\ShipMRS.hpp(72,17): warning C4305: 'argument': truncation from 'double' to 'T'
C:\dev\CMsFramework\Framework\Sources\Composites\Autopilot\ShipMRS.hpp(72,17): warning C4305:         with
C:\dev\CMsFramework\Framework\Sources\Composites\Autopilot\ShipMRS.hpp(72,17): warning C4305:         [
C:\dev\CMsFramework\Framework\Sources\Composites\Autopilot\ShipMRS.hpp(72,17): warning C4305:             T=float
C:\dev\CMsFramework\Framework\Sources\Composites\Autopilot\ShipMRS.hpp(72,17): warning C4305:         ]
  (compiling source file 'Sources/Main.cpp')
  
C:\dev\CMsFramework\Framework\Sources\Composites\Autopilot\ShipMRS.hpp(72,6): warning C4305: 'argument': truncation from 'double' to 'T'
C:\dev\CMsFramework\Framework\Sources\Composites\Autopilot\ShipMRS.hpp(72,6): warning C4305:         with
C:\dev\CMsFramework\Framework\Sources\Composites\Autopilot\ShipMRS.hpp(72,6): warning C4305:         [
C:\dev\CMsFramework\Framework\Sources\Composites\Autopilot\ShipMRS.hpp(72,6): warning C4305:             T=float
C:\dev\CMsFramework\Framework\Sources\Composites\Autopilot\ShipMRS.hpp(72,6): warning C4305:         ]
  (compiling source file 'Sources/Main.cpp')
  
C:\dev\CMsFramework\Framework\Sources\Composites\Autopilot\ShipMRS.hpp(72,38): warning C4305: 'argument': truncation from 'double' to 'T'
C:\dev\CMsFramework\Framework\Sources\Composites\Autopilot\ShipMRS.hpp(72,38): warning C4305:         with
C:\dev\CMsFramework\Framework\Sources\Composites\Autopilot\ShipMRS.hpp(72,38): warning C4305:         [
C:\dev\CMsFramework\Framework\Sources\Composites\Autopilot\ShipMRS.hpp(72,38): warning C4305:             T=float
C:\dev\CMsFramework\Framework\Sources\Composites\Autopilot\ShipMRS.hpp(72,38): warning C4305:         ]
  (compiling source file 'Sources/Main.cpp')
  
C:\dev\CMsFramework\Framework\Sources\Composites\Autopilot\ShipMRS.hpp(72,28): warning C4305: 'argument': truncation from 'double' to 'T'
C:\dev\CMsFramework\Framework\Sources\Composites\Autopilot\ShipMRS.hpp(72,28): warning C4305:         with
C:\dev\CMsFramework\Framework\Sources\Composites\Autopilot\ShipMRS.hpp(72,28): warning C4305:         [
C:\dev\CMsFramework\Framework\Sources\Composites\Autopilot\ShipMRS.hpp(72,28): warning C4305:             T=float
C:\dev\CMsFramework\Framework\Sources\Composites\Autopilot\ShipMRS.hpp(72,28): warning C4305:         ]
  (compiling source file 'Sources/Main.cpp')
  
C:\dev\CMsFramework\Framework\Sources\Composites\Autopilot\ShipMRS.hpp(165,37): warning C4305: 'argument': truncation from 'double' to 'float'
  (compiling source file 'Sources/Main.cpp')
  
C:\dev\CMsFramework\Framework\Sources\BasicsRendering\Spheres.hpp(13,31): warning C4244: 'initializing': conversion from 'double' to 'float', possible loss of data
  (compiling source file 'Sources/Main.cpp')
  
C:\dev\CMsFramework\Framework\Sources\BasicsRendering\Spheres.hpp(13,26): warning C4244: 'initializing': conversion from 'double' to 'const float', possible loss of data
  (compiling source file 'Sources/Main.cpp')
  
C:\dev\CMsFramework\Framework\Sources\BasicsRendering\Spheres.hpp(17,11): warning C4244: 'initializing': conversion from 'double' to 'float', possible loss of data
  (compiling source file 'Sources/Main.cpp')
  
C:\dev\CMsFramework\Framework\Sources\BasicsRendering\Spheres.hpp(20,11): warning C4244: 'initializing': conversion from 'double' to 'float', possible loss of data
  (compiling source file 'Sources/Main.cpp')
  
C:\dev\CMsFramework\Framework\Sources\BasicsRendering\Spheres.hpp(46,25): warning C4244: 'initializing': conversion from 'double' to 'float', possible loss of data
  (compiling source file 'Sources/Main.cpp')
  
C:\dev\CMsFramework\Framework\Sources\BasicsRendering\Spheres.hpp(215,44): warning C4267: 'argument': conversion from 'size_t' to 'GLsizei', possible loss of data
  (compiling source file 'Sources/Main.cpp')
  
C:\dev\CMsFramework\Framework\Sources\Composites\Telemetry\Light.hpp(29,21): warning C4305: 'argument': truncation from 'double' to 'T'
C:\dev\CMsFramework\Framework\Sources\Composites\Telemetry\Light.hpp(29,21): warning C4305:         with
C:\dev\CMsFramework\Framework\Sources\Composites\Telemetry\Light.hpp(29,21): warning C4305:         [
C:\dev\CMsFramework\Framework\Sources\Composites\Telemetry\Light.hpp(29,21): warning C4305:             T=float
C:\dev\CMsFramework\Framework\Sources\Composites\Telemetry\Light.hpp(29,21): warning C4305:         ]
  (compiling source file 'Sources/Main.cpp')
  
C:\dev\CMsFramework\Framework\Sources\Composites\Telemetry\Light.hpp(29,57): warning C4305: 'initializing': truncation from 'double' to 'float'
  (compiling source file 'Sources/Main.cpp')
  
C:\dev\CMsFramework\Framework\Sources\Composites\Telemetry\Light.hpp(31,48): warning C4305: 'initializing': truncation from 'double' to 'float'
  (compiling source file 'Sources/Main.cpp')
  
C:\dev\CMsFramework\Framework\Sources\Composites\Telemetry\Light.hpp(33,48): warning C4305: 'initializing': truncation from 'double' to 'float'
  (compiling source file 'Sources/Main.cpp')
  
C:\dev\CMsFramework\Framework\Sources\Composites\Telemetry\Light.hpp(34,44): warning C4305: 'initializing': truncation from 'double' to 'float'
  (compiling source file 'Sources/Main.cpp')
  
C:\dev\CMsFramework\Framework\Sources\Composites\Telemetry\Light.hpp(35,56): warning C4305: 'initializing': truncation from 'double' to 'float'
  (compiling source file 'Sources/Main.cpp')
  
C:\dev\CMsFramework\Framework\Sources\Composites\Telemetry\Light.hpp(36,46): warning C4305: 'initializing': truncation from 'double' to 'float'
  (compiling source file 'Sources/Main.cpp')
  
C:\dev\CMsFramework\Framework\Sources\Composites\Telemetry\Light.hpp(179,35): warning C4305: 'argument': truncation from 'double' to 'T'
C:\dev\CMsFramework\Framework\Sources\Composites\Telemetry\Light.hpp(179,35): warning C4305:         with
C:\dev\CMsFramework\Framework\Sources\Composites\Telemetry\Light.hpp(179,35): warning C4305:         [
C:\dev\CMsFramework\Framework\Sources\Composites\Telemetry\Light.hpp(179,35): warning C4305:             T=float
C:\dev\CMsFramework\Framework\Sources\Composites\Telemetry\Light.hpp(179,35): warning C4305:         ]
  (compiling source file 'Sources/Main.cpp')
  
C:\dev\CMsFramework\Framework\Sources\Composites\Telemetry\Light.hpp(180,36): warning C4244: '+=': conversion from 'double' to 'T', possible loss of data
C:\dev\CMsFramework\Framework\Sources\Composites\Telemetry\Light.hpp(180,36): warning C4244:         with
C:\dev\CMsFramework\Framework\Sources\Composites\Telemetry\Light.hpp(180,36): warning C4244:         [
C:\dev\CMsFramework\Framework\Sources\Composites\Telemetry\Light.hpp(180,36): warning C4244:             T=float
C:\dev\CMsFramework\Framework\Sources\Composites\Telemetry\Light.hpp(180,36): warning C4244:         ]
  (compiling source file 'Sources/Main.cpp')
  
C:\dev\CMsFramework\Framework\Sources\Composites\Telemetry\Light.hpp(181,36): warning C4244: '-=': conversion from 'double' to 'T', possible loss of data
C:\dev\CMsFramework\Framework\Sources\Composites\Telemetry\Light.hpp(181,36): warning C4244:         with
C:\dev\CMsFramework\Framework\Sources\Composites\Telemetry\Light.hpp(181,36): warning C4244:         [
C:\dev\CMsFramework\Framework\Sources\Composites\Telemetry\Light.hpp(181,36): warning C4244:             T=float
C:\dev\CMsFramework\Framework\Sources\Composites\Telemetry\Light.hpp(181,36): warning C4244:         ]
  (compiling source file 'Sources/Main.cpp')
  
C:\dev\CMsFramework\Framework\Sources\Composites\Telemetry\Light.hpp(189,33): warning C4305: 'argument': truncation from 'double' to 'T'
C:\dev\CMsFramework\Framework\Sources\Composites\Telemetry\Light.hpp(189,33): warning C4305:         with
C:\dev\CMsFramework\Framework\Sources\Composites\Telemetry\Light.hpp(189,33): warning C4305:         [
C:\dev\CMsFramework\Framework\Sources\Composites\Telemetry\Light.hpp(189,33): warning C4305:             T=float
C:\dev\CMsFramework\Framework\Sources\Composites\Telemetry\Light.hpp(189,33): warning C4305:         ]
  (compiling source file 'Sources/Main.cpp')
  
C:\dev\CMsFramework\Framework\Sources\Composites\Telemetry\Light.hpp(190,34): warning C4244: '-=': conversion from 'double' to 'T', possible loss of data
C:\dev\CMsFramework\Framework\Sources\Composites\Telemetry\Light.hpp(190,34): warning C4244:         with
C:\dev\CMsFramework\Framework\Sources\Composites\Telemetry\Light.hpp(190,34): warning C4244:         [
C:\dev\CMsFramework\Framework\Sources\Composites\Telemetry\Light.hpp(190,34): warning C4244:             T=float
C:\dev\CMsFramework\Framework\Sources\Composites\Telemetry\Light.hpp(190,34): warning C4244:         ]
  (compiling source file 'Sources/Main.cpp')
  
C:\dev\CMsFramework\Framework\Sources\Composites\Telemetry\Light.hpp(191,34): warning C4244: '+=': conversion from 'double' to 'T', possible loss of data
C:\dev\CMsFramework\Framework\Sources\Composites\Telemetry\Light.hpp(191,34): warning C4244:         with
C:\dev\CMsFramework\Framework\Sources\Composites\Telemetry\Light.hpp(191,34): warning C4244:         [
C:\dev\CMsFramework\Framework\Sources\Composites\Telemetry\Light.hpp(191,34): warning C4244:             T=float
C:\dev\CMsFramework\Framework\Sources\Composites\Telemetry\Light.hpp(191,34): warning C4244:         ]
  (compiling source file 'Sources/Main.cpp')
  
C:\dev\CMsFramework\Framework\Sources\Composites\Telemetry\Light.hpp(208,49): warning C4305: 'argument': truncation from 'double' to 'T'
C:\dev\CMsFramework\Framework\Sources\Composites\Telemetry\Light.hpp(208,49): warning C4305:         with
C:\dev\CMsFramework\Framework\Sources\Composites\Telemetry\Light.hpp(208,49): warning C4305:         [
C:\dev\CMsFramework\Framework\Sources\Composites\Telemetry\Light.hpp(208,49): warning C4305:             T=float
C:\dev\CMsFramework\Framework\Sources\Composites\Telemetry\Light.hpp(208,49): warning C4305:         ]
  (compiling source file 'Sources/Main.cpp')
  
C:\dev\CMsFramework\Framework\Sources\Composites\Telemetry\Light.hpp(208,41): warning C4305: 'argument': truncation from 'double' to 'T'
C:\dev\CMsFramework\Framework\Sources\Composites\Telemetry\Light.hpp(208,41): warning C4305:         with
C:\dev\CMsFramework\Framework\Sources\Composites\Telemetry\Light.hpp(208,41): warning C4305:         [
C:\dev\CMsFramework\Framework\Sources\Composites\Telemetry\Light.hpp(208,41): warning C4305:             T=float
C:\dev\CMsFramework\Framework\Sources\Composites\Telemetry\Light.hpp(208,41): warning C4305:         ]
  (compiling source file 'Sources/Main.cpp')
  
C:\dev\CMsFramework\Framework\Sources\Composites\Telemetry\Light.hpp(208,35): warning C4305: 'argument': truncation from 'double' to 'T'
C:\dev\CMsFramework\Framework\Sources\Composites\Telemetry\Light.hpp(208,35): warning C4305:         with
C:\dev\CMsFramework\Framework\Sources\Composites\Telemetry\Light.hpp(208,35): warning C4305:         [
C:\dev\CMsFramework\Framework\Sources\Composites\Telemetry\Light.hpp(208,35): warning C4305:             T=float
C:\dev\CMsFramework\Framework\Sources\Composites\Telemetry\Light.hpp(208,35): warning C4305:         ]
  (compiling source file 'Sources/Main.cpp')
  
C:\dev\CMsFramework\Framework\Sources\Composites\Telemetry\Light.hpp(215,44): warning C4305: 'argument': truncation from 'double' to 'T'
C:\dev\CMsFramework\Framework\Sources\Composites\Telemetry\Light.hpp(215,44): warning C4305:         with
C:\dev\CMsFramework\Framework\Sources\Composites\Telemetry\Light.hpp(215,44): warning C4305:         [
C:\dev\CMsFramework\Framework\Sources\Composites\Telemetry\Light.hpp(215,44): warning C4305:             T=float
C:\dev\CMsFramework\Framework\Sources\Composites\Telemetry\Light.hpp(215,44): warning C4305:         ]
  (compiling source file 'Sources/Main.cpp')
  
C:\dev\CMsFramework\Framework\Sources\Composites\Telemetry\Light.hpp(215,36): warning C4305: 'argument': truncation from 'double' to 'T'
C:\dev\CMsFramework\Framework\Sources\Composites\Telemetry\Light.hpp(215,36): warning C4305:         with
C:\dev\CMsFramework\Framework\Sources\Composites\Telemetry\Light.hpp(215,36): warning C4305:         [
C:\dev\CMsFramework\Framework\Sources\Composites\Telemetry\Light.hpp(215,36): warning C4305:             T=float
C:\dev\CMsFramework\Framework\Sources\Composites\Telemetry\Light.hpp(215,36): warning C4305:         ]
  (compiling source file 'Sources/Main.cpp')
  
C:\dev\CMsFramework\Framework\Sources\Composites\Telemetry\Light.hpp(215,30): warning C4305: 'argument': truncation from 'double' to 'T'
C:\dev\CMsFramework\Framework\Sources\Composites\Telemetry\Light.hpp(215,30): warning C4305:         with
C:\dev\CMsFramework\Framework\Sources\Composites\Telemetry\Light.hpp(215,30): warning C4305:         [
C:\dev\CMsFramework\Framework\Sources\Composites\Telemetry\Light.hpp(215,30): warning C4305:             T=float
C:\dev\CMsFramework\Framework\Sources\Composites\Telemetry\Light.hpp(215,30): warning C4305:         ]
  (compiling source file 'Sources/Main.cpp')
  
C:\dev\CMsFramework\Framework\Sources\Composites\Telemetry\Light.hpp(236,84): warning C4305: 'argument': truncation from 'double' to 'float'
  (compiling source file 'Sources/Main.cpp')
  
C:\Program Files (x86)\Windows Kits\10\Include\10.0.26100.0\shared\minwindef.h(130,9): warning C4005: 'APIENTRY': macro redefinition
  (compiling source file 'Sources/Main.cpp')
      C:\dev\CMsFramework\Framework\Resources\External\Includes\GLFW\glfw3.h(123,11):
      see previous definition of 'APIENTRY'
  
C:\dev\CMsFramework\Framework\Sources\Composites\OpenCascade\AuxFunctionsOC.hpp(10,27): warning C4267: 'initializing': conversion from 'size_t' to 'unsigned int', possible loss of data
  (compiling source file 'Sources/Main.cpp')
  
C:\dev\CMsFramework\Framework\Sources\Composites\OpenCascade\ShapeRenderer.hpp(222,47): warning C4267: 'argument': conversion from 'size_t' to 'GLsizei', possible loss of data
  (compiling source file 'Sources/Main.cpp')
  
C:\dev\CMsFramework\Framework\Sources\Composites\OpenCascade\ShapeRenderer.hpp(225,45): warning C4267: 'argument': conversion from 'size_t' to 'GLsizei', possible loss of data
  (compiling source file 'Sources/Main.cpp')
  
C:\dev\CMsFramework\Framework\Sources\Composites\OpenCascade\ShapeRenderer.hpp(233,45): warning C4267: 'argument': conversion from 'size_t' to 'GLsizei', possible loss of data
  (compiling source file 'Sources/Main.cpp')
  
C:\dev\CMsFramework\Framework\Sources\Composites\axis.hpp(101,44): warning C4305: 'argument': truncation from 'double' to 'float'
  (compiling source file 'Sources/Main.cpp')
  
C:\dev\CMsFramework\Framework\Sources\Composites\axis.hpp(101,39): warning C4305: 'argument': truncation from 'double' to 'float'
  (compiling source file 'Sources/Main.cpp')
  
C:\dev\CMsFramework\Framework\Sources\Composites\axis.hpp(101,34): warning C4305: 'argument': truncation from 'double' to 'float'
  (compiling source file 'Sources/Main.cpp')
  
C:\dev\CMsFramework\Framework\Sources\Composites\OpenCascade\CadCreation.hpp(88,46): warning C4244: 'argument': conversion from 'double' to 'float', possible loss of data
  (compiling source file 'Sources/Main.cpp')
  
C:\dev\CMsFramework\Framework\Sources\Core\KeyMouseImputs.hpp(393,99): warning C4244: 'argument': conversion from 'double' to 'float', possible loss of data
  (compiling source file 'Sources/Main.cpp')
  
C:\dev\CMsFramework\Framework\Sources\Core\KeyMouseImputs.hpp(455,26): warning C4305: '*=': truncation from 'double' to 'float'
  (compiling source file 'Sources/Main.cpp')
  
C:\dev\CMsFramework\Framework\Sources\Core\KeyMouseImputs.hpp(467,26): warning C4305: '/=': truncation from 'double' to 'float'
  (compiling source file 'Sources/Main.cpp')
  
C:\dev\CMsFramework\Framework\Sources\Deprecated\auxiliary_elements.hpp(79,23): warning C4267: 'argument': conversion from 'size_t' to '_Ty', possible loss of data
C:\dev\CMsFramework\Framework\Sources\Deprecated\auxiliary_elements.hpp(79,23): warning C4267:         with
C:\dev\CMsFramework\Framework\Sources\Deprecated\auxiliary_elements.hpp(79,23): warning C4267:         [
C:\dev\CMsFramework\Framework\Sources\Deprecated\auxiliary_elements.hpp(79,23): warning C4267:             _Ty=std::seed_seq::result_type
C:\dev\CMsFramework\Framework\Sources\Deprecated\auxiliary_elements.hpp(79,23): warning C4267:         ]
  (compiling source file 'Sources/Main.cpp')
  
C:\dev\CMsFramework\Framework\Sources\Deprecated\auxiliary_elements.hpp(96,40): warning C4267: 'argument': conversion from 'size_t' to 'GLsizei', possible loss of data
  (compiling source file 'Sources/Main.cpp')
  
C:\dev\CMsFramework\Framework\Sources\Stability\Fourier.hpp(19,27): warning C4244: 'initializing': conversion from 'double' to 'float', possible loss of data
  (compiling source file 'Sources/Main.cpp')
  
C:\dev\CMsFramework\Framework\Sources\Stability\Fourier.hpp(23,21): warning C4305: 'initializing': truncation from 'double' to 'float'
  (compiling source file 'Sources/Main.cpp')
  
C:\dev\CMsFramework\Framework\Sources\Stability\Fourier.hpp(65,18): warning C4305: 'argument': truncation from 'double' to 'T'
C:\dev\CMsFramework\Framework\Sources\Stability\Fourier.hpp(65,18): warning C4305:         with
C:\dev\CMsFramework\Framework\Sources\Stability\Fourier.hpp(65,18): warning C4305:         [
C:\dev\CMsFramework\Framework\Sources\Stability\Fourier.hpp(65,18): warning C4305:             T=float
C:\dev\CMsFramework\Framework\Sources\Stability\Fourier.hpp(65,18): warning C4305:         ]
  (compiling source file 'Sources/Main.cpp')
  
C:\dev\CMsFramework\Framework\Sources\Stability\Fourier.hpp(65,34): warning C4305: 'argument': truncation from 'double' to 'T'
C:\dev\CMsFramework\Framework\Sources\Stability\Fourier.hpp(65,34): warning C4305:         with
C:\dev\CMsFramework\Framework\Sources\Stability\Fourier.hpp(65,34): warning C4305:         [
C:\dev\CMsFramework\Framework\Sources\Stability\Fourier.hpp(65,34): warning C4305:             T=float
C:\dev\CMsFramework\Framework\Sources\Stability\Fourier.hpp(65,34): warning C4305:         ]
  (compiling source file 'Sources/Main.cpp')
  
C:\dev\CMsFramework\Framework\Sources\Stability\Fourier.hpp(65,50): warning C4305: 'argument': truncation from 'double' to 'T'
C:\dev\CMsFramework\Framework\Sources\Stability\Fourier.hpp(65,50): warning C4305:         with
C:\dev\CMsFramework\Framework\Sources\Stability\Fourier.hpp(65,50): warning C4305:         [
C:\dev\CMsFramework\Framework\Sources\Stability\Fourier.hpp(65,50): warning C4305:             T=float
C:\dev\CMsFramework\Framework\Sources\Stability\Fourier.hpp(65,50): warning C4305:         ]
  (compiling source file 'Sources/Main.cpp')
  
C:\dev\CMsFramework\Framework\Sources\Stability\Fourier.hpp(65,66): warning C4305: 'argument': truncation from 'double' to 'T'
C:\dev\CMsFramework\Framework\Sources\Stability\Fourier.hpp(65,66): warning C4305:         with
C:\dev\CMsFramework\Framework\Sources\Stability\Fourier.hpp(65,66): warning C4305:         [
C:\dev\CMsFramework\Framework\Sources\Stability\Fourier.hpp(65,66): warning C4305:             T=float
C:\dev\CMsFramework\Framework\Sources\Stability\Fourier.hpp(65,66): warning C4305:         ]
  (compiling source file 'Sources/Main.cpp')
  
C:\dev\CMsFramework\Framework\Sources\Stability\Fourier.hpp(65,82): warning C4305: 'argument': truncation from 'double' to 'T'
C:\dev\CMsFramework\Framework\Sources\Stability\Fourier.hpp(65,82): warning C4305:         with
C:\dev\CMsFramework\Framework\Sources\Stability\Fourier.hpp(65,82): warning C4305:         [
C:\dev\CMsFramework\Framework\Sources\Stability\Fourier.hpp(65,82): warning C4305:             T=float
C:\dev\CMsFramework\Framework\Sources\Stability\Fourier.hpp(65,82): warning C4305:         ]
  (compiling source file 'Sources/Main.cpp')
  
C:\dev\CMsFramework\Framework\Sources\Stability\Fourier.hpp(65,98): warning C4305: 'argument': truncation from 'double' to 'T'
C:\dev\CMsFramework\Framework\Sources\Stability\Fourier.hpp(65,98): warning C4305:         with
C:\dev\CMsFramework\Framework\Sources\Stability\Fourier.hpp(65,98): warning C4305:         [
C:\dev\CMsFramework\Framework\Sources\Stability\Fourier.hpp(65,98): warning C4305:             T=float
C:\dev\CMsFramework\Framework\Sources\Stability\Fourier.hpp(65,98): warning C4305:         ]
  (compiling source file 'Sources/Main.cpp')
  
C:\dev\CMsFramework\Framework\Sources\Stability\Fourier.hpp(220,44): warning C4267: 'argument': conversion from 'size_t' to 'GLsizei', possible loss of data
  (compiling source file 'Sources/Main.cpp')
  
C:\dev\CMsFramework\Framework\Sources\Stability\WettedSurface.hpp(93,25): warning C4267: 'initializing': conversion from 'size_t' to 'unsigned int', possible loss of data
  (compiling source file 'Sources/Main.cpp')
  
C:\dev\CMsFramework\Framework\Sources\Composites\Telemetry\Graphics.hpp(196,32): warning C4267: 'argument': conversion from 'size_t' to '_Ty', possible loss of data
C:\dev\CMsFramework\Framework\Sources\Composites\Telemetry\Graphics.hpp(196,32): warning C4267:         with
C:\dev\CMsFramework\Framework\Sources\Composites\Telemetry\Graphics.hpp(196,32): warning C4267:         [
C:\dev\CMsFramework\Framework\Sources\Composites\Telemetry\Graphics.hpp(196,32): warning C4267:             _Ty=std::seed_seq::result_type
C:\dev\CMsFramework\Framework\Sources\Composites\Telemetry\Graphics.hpp(196,32): warning C4267:         ]
  (compiling source file 'Sources/Main.cpp')
  
C:\dev\CMsFramework\Framework\Sources\Composites\Telemetry\Graphics.hpp(197,32): warning C4267: 'argument': conversion from 'size_t' to '_Ty', possible loss of data
C:\dev\CMsFramework\Framework\Sources\Composites\Telemetry\Graphics.hpp(197,32): warning C4267:         with
C:\dev\CMsFramework\Framework\Sources\Composites\Telemetry\Graphics.hpp(197,32): warning C4267:         [
C:\dev\CMsFramework\Framework\Sources\Composites\Telemetry\Graphics.hpp(197,32): warning C4267:             _Ty=std::seed_seq::result_type
C:\dev\CMsFramework\Framework\Sources\Composites\Telemetry\Graphics.hpp(197,32): warning C4267:         ]
  (compiling source file 'Sources/Main.cpp')
  
C:\dev\CMsFramework\Framework\Sources\Composites\Telemetry\Graphics.hpp(255,44): warning C4244: 'argument': conversion from 'float' to 'GLsizei', possible loss of data
  (compiling source file 'Sources/Main.cpp')
  
C:\dev\CMsFramework\Framework\Sources\Composites\Telemetry\Graphics.hpp(255,31): warning C4244: 'argument': conversion from 'float' to 'GLsizei', possible loss of data
  (compiling source file 'Sources/Main.cpp')
  
C:\dev\CMsFramework\Framework\Sources\Composites\Telemetry\Graphics.hpp(255,24): warning C4244: 'argument': conversion from 'T' to 'GLint', possible loss of data
C:\dev\CMsFramework\Framework\Sources\Composites\Telemetry\Graphics.hpp(255,24): warning C4244:         with
C:\dev\CMsFramework\Framework\Sources\Composites\Telemetry\Graphics.hpp(255,24): warning C4244:         [
C:\dev\CMsFramework\Framework\Sources\Composites\Telemetry\Graphics.hpp(255,24): warning C4244:             T=float
C:\dev\CMsFramework\Framework\Sources\Composites\Telemetry\Graphics.hpp(255,24): warning C4244:         ]
  (compiling source file 'Sources/Main.cpp')
  
C:\dev\CMsFramework\Framework\Sources\Composites\Telemetry\ProgressBar.hpp(27,36): warning C4305: 'initializing': truncation from 'double' to 'float'
  (compiling source file 'Sources/Main.cpp')
  
C:\dev\CMsFramework\Framework\Sources\Composites\Telemetry\ProgressBar.hpp(34,15): warning C4305: 'initializing': truncation from 'double' to 'float'
  (compiling source file 'Sources/Main.cpp')
  
C:\dev\CMsFramework\Framework\Sources\Composites\Telemetry\ProgressBar.hpp(35,15): warning C4244: 'initializing': conversion from 'double' to 'float', possible loss of data
  (compiling source file 'Sources/Main.cpp')
  
C:\dev\CMsFramework\Framework\Sources\Composites\Telemetry\ProgressBar.hpp(68,44): warning C4305: 'argument': truncation from 'double' to 'float'
  (compiling source file 'Sources/Main.cpp')
  
C:\dev\CMsFramework\Framework\Sources\Composites\Telemetry\ProgressBar.hpp(68,39): warning C4305: 'argument': truncation from 'double' to 'float'
  (compiling source file 'Sources/Main.cpp')
  
C:\dev\CMsFramework\Framework\Sources\Composites\Telemetry\ProgressBar.hpp(68,34): warning C4305: 'argument': truncation from 'double' to 'float'
  (compiling source file 'Sources/Main.cpp')
  
C:\dev\CMsFramework\Framework\Sources\Composites\Telemetry\ProgressBar.hpp(71,69): warning C4244: 'argument': conversion from 'float' to 'GLsizei', possible loss of data
  (compiling source file 'Sources/Main.cpp')
  
C:\dev\CMsFramework\Framework\Sources\Composites\Telemetry\ProgressBar.hpp(71,39): warning C4244: 'argument': conversion from 'T' to 'GLsizei', possible loss of data
C:\dev\CMsFramework\Framework\Sources\Composites\Telemetry\ProgressBar.hpp(71,39): warning C4244:         with
C:\dev\CMsFramework\Framework\Sources\Composites\Telemetry\ProgressBar.hpp(71,39): warning C4244:         [
C:\dev\CMsFramework\Framework\Sources\Composites\Telemetry\ProgressBar.hpp(71,39): warning C4244:             T=float
C:\dev\CMsFramework\Framework\Sources\Composites\Telemetry\ProgressBar.hpp(71,39): warning C4244:         ]
  (compiling source file 'Sources/Main.cpp')
  
C:\dev\CMsFramework\Framework\Sources\Composites\Telemetry\ProgressBar.hpp(71,27): warning C4244: 'argument': conversion from 'T' to 'GLint', possible loss of data
C:\dev\CMsFramework\Framework\Sources\Composites\Telemetry\ProgressBar.hpp(71,27): warning C4244:         with
C:\dev\CMsFramework\Framework\Sources\Composites\Telemetry\ProgressBar.hpp(71,27): warning C4244:         [
C:\dev\CMsFramework\Framework\Sources\Composites\Telemetry\ProgressBar.hpp(71,27): warning C4244:             T=float
C:\dev\CMsFramework\Framework\Sources\Composites\Telemetry\ProgressBar.hpp(71,27): warning C4244:         ]
  (compiling source file 'Sources/Main.cpp')
  
C:\dev\CMsFramework\Framework\Sources\BasicsRendering\Text.hpp(232,30): warning C4244: 'return': conversion from 'double' to 'T', possible loss of data
C:\dev\CMsFramework\Framework\Sources\BasicsRendering\Text.hpp(232,30): warning C4244:         with
C:\dev\CMsFramework\Framework\Sources\BasicsRendering\Text.hpp(232,30): warning C4244:         [
C:\dev\CMsFramework\Framework\Sources\BasicsRendering\Text.hpp(232,30): warning C4244:             T=float
C:\dev\CMsFramework\Framework\Sources\BasicsRendering\Text.hpp(232,30): warning C4244:         ]
  (compiling source file 'Sources/Main.cpp')
      C:\dev\CMsFramework\Framework\Sources\BasicsRendering\Text.hpp(232,30):
      the template instantiation context (the oldest one first) is
          C:\dev\CMsFramework\Framework\Sources\Composites\Autopilot\Autopilot.hpp(241,16):
          see reference to function template instantiation 'T round1d<float>(T)' being compiled
          with
          [
              T=float
          ]
  
C:\dev\CMsFramework\Framework\Sources\Stability\WettedSurface.hpp(357,28): warning C4267: '=': conversion from 'size_t' to 'int', possible loss of data
  (compiling source file 'Sources/Main.cpp')
      C:\dev\CMsFramework\Framework\Sources\Stability\WettedSurface.hpp(357,28):
      the template instantiation context (the oldest one first) is
          C:\dev\CMsFramework\Framework\Sources\Stability\WettedSurface.hpp(253,26):
          see reference to function template instantiation 'unsigned int WettedSurface::calculateDistanceSecondIt<std::_Vector_iterator<std::_Vector_val<std::_Simple_types<_Ty>>>>(bool,_T0 &,unsigned int &,unsigned int &)' being compiled
          with
          [
              _Ty=WettedSurface::Intersections,
              _T0=std::_Vector_iterator<std::_Vector_val<std::_Simple_types<WettedSurface::Intersections>>>
          ]
  
C:\dev\CMsFramework\Framework\Sources\Stability\WettedSurface.hpp(372,75): warning C4267: '=': conversion from 'size_t' to 'unsigned int', possible loss of data
  (compiling source file 'Sources/Main.cpp')
  
C:\dev\CMsFramework\Framework\Sources\BasicsRendering\Text.hpp(227,31): warning C4244: 'return': conversion from 'double' to 'T', possible loss of data
C:\dev\CMsFramework\Framework\Sources\BasicsRendering\Text.hpp(227,31): warning C4244:         with
C:\dev\CMsFramework\Framework\Sources\BasicsRendering\Text.hpp(227,31): warning C4244:         [
C:\dev\CMsFramework\Framework\Sources\BasicsRendering\Text.hpp(227,31): warning C4244:             T=float
C:\dev\CMsFramework\Framework\Sources\BasicsRendering\Text.hpp(227,31): warning C4244:         ]
  (compiling source file 'Sources/Main.cpp')
      C:\dev\CMsFramework\Framework\Sources\BasicsRendering\Text.hpp(227,31):
      the template instantiation context (the oldest one first) is
          C:\dev\CMsFramework\Framework\Sources\Main.cpp(123,41):
          see reference to function template instantiation 'T round2d<float>(T)' being compiled
          with
          [
              T=float
          ]
  
C:\Program Files\Microsoft Visual Studio\2022\Community\VC\Tools\MSVC\14.44.35207\include\xutility(462,64): warning C4267: 'initializing': conversion from 'size_t' to '_Ty', possible loss of data
C:\Program Files\Microsoft Visual Studio\2022\Community\VC\Tools\MSVC\14.44.35207\include\xutility(462,64): warning C4267:         with
C:\Program Files\Microsoft Visual Studio\2022\Community\VC\Tools\MSVC\14.44.35207\include\xutility(462,64): warning C4267:         [
C:\Program Files\Microsoft Visual Studio\2022\Community\VC\Tools\MSVC\14.44.35207\include\xutility(462,64): warning C4267:             _Ty=int
C:\Program Files\Microsoft Visual Studio\2022\Community\VC\Tools\MSVC\14.44.35207\include\xutility(462,64): warning C4267:         ]
  (compiling source file 'Sources/Main.cpp')
      C:\Program Files\Microsoft Visual Studio\2022\Community\VC\Tools\MSVC\14.44.35207\include\xutility(462,64):
      the template instantiation context (the oldest one first) is
          C:\dev\CMsFramework\Framework\Sources\Stability\SweepTriangulation.hpp(471,22):
          see reference to function template instantiation 'int &std::vector<int,std::allocator<int>>::emplace_back<size_t>(size_t &&)' being compiled
              C:\dev\CMsFramework\Framework\Sources\Stability\SweepTriangulation.hpp(471,34):
              see the first reference to 'std::vector<int,std::allocator<int>>::emplace_back' in 'SweepTrAux::trChainFront'
          C:\Program Files\Microsoft Visual Studio\2022\Community\VC\Tools\MSVC\14.44.35207\include\vector(924,24):
          see reference to function template instantiation '_Ty &std::vector<_Ty,std::allocator<_Ty>>::_Emplace_one_at_back<unsigned __int64>(unsigned __int64 &&)' being compiled
          with
          [
              _Ty=int
          ]
          C:\Program Files\Microsoft Visual Studio\2022\Community\VC\Tools\MSVC\14.44.35207\include\vector(845,20):
          see reference to function template instantiation '_Ty &std::vector<_Ty,std::allocator<_Ty>>::_Emplace_back_with_unused_capacity<unsigned __int64>(unsigned __int64 &&)' being compiled
          with
          [
              _Ty=int
          ]
          C:\Program Files\Microsoft Visual Studio\2022\Community\VC\Tools\MSVC\14.44.35207\include\vector(860,18):
          see reference to function template instantiation 'void std::_Construct_in_place<int,_Ty>(int &,_Ty &&) noexcept' being compiled
          with
          [
              _Ty=size_t
          ]
          C:\Program Files\Microsoft Visual Studio\2022\Community\VC\Tools\MSVC\14.44.35207\include\xutility(472,14):
          see reference to function template instantiation '_Ty *std::construct_at<_Ty,unsigned __int64>(_Ty *const ,unsigned __int64 &&) noexcept(<expr>)' being compiled
          with
          [
              _Ty=int
          ]
  
C:\Program Files\Microsoft Visual Studio\2022\Community\VC\Tools\MSVC\14.44.35207\include\xutility(476,61): warning C4267: 'initializing': conversion from 'size_t' to 'int', possible loss of data
  (compiling source file 'Sources/Main.cpp')
  
C:\Program Files\Microsoft Visual Studio\2022\Community\VC\Tools\MSVC\14.44.35207\include\xutility(462,64): warning C4267: 'initializing': conversion from 'size_t' to '_Ty', possible loss of data
C:\Program Files\Microsoft Visual Studio\2022\Community\VC\Tools\MSVC\14.44.35207\include\xutility(462,64): warning C4267:         with
C:\Program Files\Microsoft Visual Studio\2022\Community\VC\Tools\MSVC\14.44.35207\include\xutility(462,64): warning C4267:         [
C:\Program Files\Microsoft Visual Studio\2022\Community\VC\Tools\MSVC\14.44.35207\include\xutility(462,64): warning C4267:             _Ty=unsigned int
C:\Program Files\Microsoft Visual Studio\2022\Community\VC\Tools\MSVC\14.44.35207\include\xutility(462,64): warning C4267:         ]
  (compiling source file 'Sources/Main.cpp')
      C:\Program Files\Microsoft Visual Studio\2022\Community\VC\Tools\MSVC\14.44.35207\include\xutility(462,64):
      the template instantiation context (the oldest one first) is
          C:\dev\CMsFramework\Framework\Sources\Stability\WettedSurface.hpp(303,18):
          see reference to function template instantiation 'unsigned int &std::vector<std::seed_seq::result_type,std::allocator<std::seed_seq::result_type>>::emplace_back<unsigned __int64>(unsigned __int64 &&)' being compiled
              C:\dev\CMsFramework\Framework\Sources\Stability\WettedSurface.hpp(303,30):
              see the first reference to 'std::vector<std::seed_seq::result_type,std::allocator<std::seed_seq::result_type>>::emplace_back' in 'WettedSurface::calculatePositions'
          C:\Program Files\Microsoft Visual Studio\2022\Community\VC\Tools\MSVC\14.44.35207\include\vector(924,24):
          see reference to function template instantiation '_Ty &std::vector<_Ty,std::allocator<_Ty>>::_Emplace_one_at_back<unsigned __int64>(unsigned __int64 &&)' being compiled
          with
          [
              _Ty=std::seed_seq::result_type
          ]
          C:\Program Files\Microsoft Visual Studio\2022\Community\VC\Tools\MSVC\14.44.35207\include\vector(845,20):
          see reference to function template instantiation '_Ty &std::vector<_Ty,std::allocator<_Ty>>::_Emplace_back_with_unused_capacity<unsigned __int64>(unsigned __int64 &&)' being compiled
          with
          [
              _Ty=std::seed_seq::result_type
          ]
          C:\Program Files\Microsoft Visual Studio\2022\Community\VC\Tools\MSVC\14.44.35207\include\vector(860,18):
          see reference to function template instantiation 'void std::_Construct_in_place<unsigned int,_Ty>(unsigned int &,_Ty &&) noexcept' being compiled
          with
          [
              _Ty=size_t
          ]
          C:\Program Files\Microsoft Visual Studio\2022\Community\VC\Tools\MSVC\14.44.35207\include\xutility(472,14):
          see reference to function template instantiation '_Ty *std::construct_at<_Ty,unsigned __int64>(_Ty *const ,unsigned __int64 &&) noexcept(<expr>)' being compiled
          with
          [
              _Ty=unsigned int
          ]
  
C:\Program Files\Microsoft Visual Studio\2022\Community\VC\Tools\MSVC\14.44.35207\include\xutility(476,61): warning C4267: 'initializing': conversion from 'size_t' to 'unsigned int', possible loss of data
  (compiling source file 'Sources/Main.cpp')
  
C:\Program Files\Microsoft Visual Studio\2022\Community\VC\Tools\MSVC\14.44.35207\include\xutility(463,69): warning C4267: 'initializing': conversion from 'size_t' to '_Ty', possible loss of data
C:\Program Files\Microsoft Visual Studio\2022\Community\VC\Tools\MSVC\14.44.35207\include\xutility(463,69): warning C4267:         with
C:\Program Files\Microsoft Visual Studio\2022\Community\VC\Tools\MSVC\14.44.35207\include\xutility(463,69): warning C4267:         [
C:\Program Files\Microsoft Visual Studio\2022\Community\VC\Tools\MSVC\14.44.35207\include\xutility(463,69): warning C4267:             _Ty=int
C:\Program Files\Microsoft Visual Studio\2022\Community\VC\Tools\MSVC\14.44.35207\include\xutility(463,69): warning C4267:         ]
  (compiling source file 'Sources/Main.cpp')
      C:\Program Files\Microsoft Visual Studio\2022\Community\VC\Tools\MSVC\14.44.35207\include\xutility(463,69):
      the template instantiation context (the oldest one first) is
          C:\Program Files\Microsoft Visual Studio\2022\Community\VC\Tools\MSVC\14.44.35207\include\vector(860,18):
          see reference to function template instantiation 'void std::_Construct_in_place<int,_Ty>(int &,_Ty &&) noexcept' being compiled
          with
          [
              _Ty=size_t
          ]
          C:\Program Files\Microsoft Visual Studio\2022\Community\VC\Tools\MSVC\14.44.35207\include\xutility(472,14):
          see reference to function template instantiation '_Ty *std::construct_at<_Ty,unsigned __int64>(_Ty *const ,unsigned __int64 &&) noexcept' being compiled
          with
          [
              _Ty=int
          ]
  
C:\Program Files\Microsoft Visual Studio\2022\Community\VC\Tools\MSVC\14.44.35207\include\xutility(463,69): warning C4267: 'initializing': conversion from 'size_t' to '_Ty', possible loss of data
C:\Program Files\Microsoft Visual Studio\2022\Community\VC\Tools\MSVC\14.44.35207\include\xutility(463,69): warning C4267:         with
C:\Program Files\Microsoft Visual Studio\2022\Community\VC\Tools\MSVC\14.44.35207\include\xutility(463,69): warning C4267:         [
C:\Program Files\Microsoft Visual Studio\2022\Community\VC\Tools\MSVC\14.44.35207\include\xutility(463,69): warning C4267:             _Ty=unsigned int
C:\Program Files\Microsoft Visual Studio\2022\Community\VC\Tools\MSVC\14.44.35207\include\xutility(463,69): warning C4267:         ]
  (compiling source file 'Sources/Main.cpp')
      C:\Program Files\Microsoft Visual Studio\2022\Community\VC\Tools\MSVC\14.44.35207\include\xutility(463,69):
      the template instantiation context (the oldest one first) is
          C:\Program Files\Microsoft Visual Studio\2022\Community\VC\Tools\MSVC\14.44.35207\include\vector(860,18):
          see reference to function template instantiation 'void std::_Construct_in_place<unsigned int,_Ty>(unsigned int &,_Ty &&) noexcept' being compiled
          with
          [
              _Ty=size_t
          ]
          C:\Program Files\Microsoft Visual Studio\2022\Community\VC\Tools\MSVC\14.44.35207\include\xutility(472,14):
          see reference to function template instantiation '_Ty *std::construct_at<_Ty,unsigned __int64>(_Ty *const ,unsigned __int64 &&) noexcept' being compiled
          with
          [
              _Ty=unsigned int
          ]
  
  CMsFramework.vcxproj -> C:\dev\CMsFramework\Framework\build\Debug\CMsFramework.exe
  Copying external DLLs to output directory
